[22:16:26] [INIT] KubeJS 2101.7.2-build.348; MC 2101 NeoForge
[22:16:26] [INIT] Loaded plugins:
[22:16:26] [INIT] - dev.latvian.mods.kubejs.plugin.builtin.BuiltinKubeJSPlugin
[22:16:26] [INIT] - dev.latvian.mods.kubejs.integration.architectury.ArchitecturyIntegration
[22:16:26] [INIT] - io.github.mortuusars.exposure.neoforge.integration.kubejs.ExposureKubeJSPlugin
[22:16:26] [INIT] - com.almostreliable.lootjs.kube.LootJSPlugin
[22:16:26] [INIT] - com.oierbravo.mechanicals.compat.kubejs.MechanicalsJsPlugin
[22:16:26] [INIT] - com.oierbravo.create_mechanical_extruder.compat.kubejs.KubeJSCreateMechanicalExtruderPlugin
[22:16:26] [INIT] - dev.ftb.mods.ftbxmodcompat.neoforge.ftbquests.kubejs.FTBQuestsKubeJSPlugin
[22:16:26] [INIT] - dev.ftb.mods.ftbxmodcompat.neoforge.ftbchunks.kubejs.FTBChunksKubeJSPlugin
[22:16:26] [INIT] - dev.ftb.mods.ftbxmodcompat.neoforge.ftbteams.kubejs.FTBTeamsKubeJSPlugin
[22:16:26] [INIT] - dev.ftb.mods.ftbxmodcompat.neoforge.ftbfiltersystem.kubejs.FFSKubeJSPlugin
[22:16:26] [INFO] Loaded script server_scripts:create_recipes.js in 0.012 s
[22:16:26] [INFO] Loaded script server_scripts:create_compat.js in 0.011 s
[22:16:26] [INFO] Loaded script server_scripts:global_game_rules.js in 0.0 s
[22:16:26] [INFO] Loaded script server_scripts:loot.js in 0.002 s
[22:16:26] [INFO] Loaded script server_scripts:main.js in 0.004 s
[22:16:26] [INFO] Loaded script server_scripts:remove.js in 0.003 s
[22:16:26] [INFO] Loaded script server_scripts:rightclicks.js in 0.001 s
[22:16:26] [INFO] Loaded script server_scripts:tags.js in 0.001 s
[22:16:26] [INFO] Loaded 8/8 KubeJS server scripts in 0.072 s with 0 errors and 0 warnings
[22:16:32] [INFO] [minecraft:block] Found 1279 tags, added 29 objects, removed 0 objects
[22:16:32] [INFO] [minecraft:item] Found 1990 tags, added 7 objects, removed 0 objects
[22:16:33] [INFO] Processing recipes...
[22:16:33] [INFO] Initializing recipe event...
[22:16:33] [WARN] RecipeComponentValue.java#102: Failed to parse recipe 'hazennstuff:smithing/cosmetic/armor/pure_armor/dark_ritual_templar/dark_ritual_templar_helmet[minecraft:smithing_transform]'! Falling back to vanilla: Invalid component base: ingredient - Component 'ingredient' is not allowed to be empty!
[22:16:34] [WARN] KubeRecipe.java#89: Failed to parse recipe 'deeperdarker:resonarium_hoe_smithing[minecraft:smithing_transform]'! Falling back to vanilla: Failed to read required component 'template: ingredient' - java.lang.IllegalStateException: Failed to parse either. First: Item array cannot be empty, at least one item must be defined; Second: Not a JSON object: []
[22:16:34] [WARN] KubeRecipe.java#89: Failed to parse recipe 'create_things_and_misc:raboutan_sail_c_raft[minecraft:crafting_shaped]'! Falling back to vanilla: Failed to read required component 'key: pattern<optional_ingredient>' - java.lang.IllegalStateException: Failed to parse either. First: Not a json array: {"item":"nethers_exoticism:ramboutan_planks"}; Second: No key tag in MapLike[{"item":"nethers_exoticism:ramboutan_planks"}]; Unknown registry key in ResourceKey[minecraft:root / minecraft:item]: nethers_exoticism:ramboutan_planks missed input: {"W":{"item":"nethers_exoticism:ramboutan_planks"}}
[22:16:34] [WARN] KubeRecipe.java#89: Failed to parse recipe 'deeperdarker:resonarium_sword_smithing[minecraft:smithing_transform]'! Falling back to vanilla: Failed to read required component 'template: ingredient' - java.lang.IllegalStateException: Failed to parse either. First: Item array cannot be empty, at least one item must be defined; Second: Not a JSON object: []
[22:16:34] [WARN] KubeRecipe.java#89: Failed to parse recipe 'deeperdarker:resonarium_helmet_smithing[minecraft:smithing_transform]'! Falling back to vanilla: Failed to read required component 'template: ingredient' - java.lang.IllegalStateException: Failed to parse either. First: Item array cannot be empty, at least one item must be defined; Second: Not a JSON object: []
[22:16:34] [WARN] KubeRecipe.java#89: Failed to parse recipe 'create_things_and_misc:chorus_sail_craft[minecraft:crafting_shaped]'! Falling back to vanilla: Failed to read required component 'key: pattern<optional_ingredient>' - java.lang.IllegalStateException: Failed to parse either. First: Not a json array: {"item":"unusualend:chorus_nest_planks"}; Second: No key tag in MapLike[{"item":"unusualend:chorus_nest_planks"}]; Unknown registry key in ResourceKey[minecraft:root / minecraft:item]: unusualend:chorus_nest_planks missed input: {"W":{"item":"unusualend:chorus_nest_planks"}}
[22:16:34] [WARN] RecipeComponentValue.java#102: Failed to parse recipe 'hazennstuff:smithing/cosmetic/armor/pure_armor/fireblossom/fireblossom_chestplate[minecraft:smithing_transform]'! Falling back to vanilla: Invalid component base: ingredient - Component 'ingredient' is not allowed to be empty!
[22:16:34] [WARN] RecipeComponentValue.java#102: Failed to parse recipe 'hazennstuff:smithing/cosmetic/armor/pure_armor/dark_ritual_templar/dark_ritual_templar_boots[minecraft:smithing_transform]'! Falling back to vanilla: Invalid component base: ingredient - Component 'ingredient' is not allowed to be empty!
[22:16:34] [WARN] RecipeComponentValue.java#102: Failed to parse recipe 'bellsandwhistles:metro/metro_window[minecraft:crafting_shapeless]' @ [ingredients][1]! Falling back to vanilla: Invalid component ingredients: ingredient[] - Component 'ingredient' is not allowed to be empty!
[22:16:34] [WARN] KubeRecipe.java#89: Failed to parse recipe 'createdeco:placard[minecraft:crafting_shapeless]'! Falling back to vanilla: Failed to read required component 'result: item_stack' - java.lang.IllegalStateException: No key id in MapLike[{"item":"create:placard"}]
[22:16:34] [WARN] KubeRecipe.java#89: Failed to parse recipe 'alshanex_familiars:bard_leggings[minecraft:smithing_transform]'! Falling back to vanilla: Failed to read required component 'addition: ingredient' - java.lang.IllegalStateException: Failed to parse either. First: Item array cannot be empty, at least one item must be defined; Second: Not a JSON object: []
[22:16:34] [WARN] KubeRecipe.java#89: Failed to parse recipe 'create_things_and_misc:netheriteportablewithlecraft[minecraft:smithing_transform]'! Falling back to vanilla: Failed to read required component 'template: ingredient' - java.lang.IllegalStateException: Failed to parse either. First: Item array cannot be empty, at least one item must be defined; Second: Not a JSON object: []
[22:16:34] [WARN] KubeRecipe.java#89: Failed to parse recipe 'create_things_and_misc:schematic_chair[minecraft:crafting_shaped]'! Falling back to vanilla: Failed to read required component 'result: item_stack' - java.lang.IllegalStateException: Unknown registry key in ResourceKey[minecraft:root / minecraft:item]: create_things_and_misc:deleted_mod_element
[22:16:34] [WARN] KubeRecipe.java#89: Failed to parse recipe 'alshanex_familiars:bard_helmet[minecraft:smithing_transform]'! Falling back to vanilla: Failed to read required component 'addition: ingredient' - java.lang.IllegalStateException: Failed to parse either. First: Item array cannot be empty, at least one item must be defined; Second: Not a JSON object: []
[22:16:34] [WARN] KubeRecipe.java#89: Failed to parse recipe 'alshanex_familiars:bard_boots[minecraft:smithing_transform]'! Falling back to vanilla: Failed to read required component 'addition: ingredient' - java.lang.IllegalStateException: Failed to parse either. First: Item array cannot be empty, at least one item must be defined; Second: Not a JSON object: []
[22:16:34] [WARN] KubeRecipe.java#89: Failed to parse recipe 'alshanex_familiars:bard_chestplate[minecraft:smithing_transform]'! Falling back to vanilla: Failed to read required component 'addition: ingredient' - java.lang.IllegalStateException: Failed to parse either. First: Item array cannot be empty, at least one item must be defined; Second: Not a JSON object: []
[22:16:34] [WARN] RecipeComponentValue.java#102: Failed to parse recipe 'moped:moped_sign_block_recipe[minecraft:stonecutting]'! Falling back to vanilla: Invalid component ingredient: ingredient - Component 'ingredient' is not allowed to be empty!
[22:16:34] [WARN] KubeRecipe.java#89: Failed to parse recipe 'deeperdarker:resonarium_pickaxe_smithing[minecraft:smithing_transform]'! Falling back to vanilla: Failed to read required component 'template: ingredient' - java.lang.IllegalStateException: Failed to parse either. First: Item array cannot be empty, at least one item must be defined; Second: Not a JSON object: []
[22:16:34] [WARN] KubeRecipe.java#89: Failed to parse recipe 'deeperdarker:resonarium_leggings_smithing[minecraft:smithing_transform]'! Falling back to vanilla: Failed to read required component 'template: ingredient' - java.lang.IllegalStateException: Failed to parse either. First: Item array cannot be empty, at least one item must be defined; Second: Not a JSON object: []
[22:16:34] [WARN] RecipeComponentValue.java#102: Failed to parse recipe 'hazennstuff:smithing/cosmetic/armor/pure_armor/fireblossom/fireblossom_leggings[minecraft:smithing_transform]'! Falling back to vanilla: Invalid component base: ingredient - Component 'ingredient' is not allowed to be empty!
[22:16:34] [WARN] RecipeComponentValue.java#102: Failed to parse recipe 'hazennstuff:smithing/cosmetic/armor/pure_armor/dark_ritual_templar/dark_ritual_templar_leggings[minecraft:smithing_transform]'! Falling back to vanilla: Invalid component base: ingredient - Component 'ingredient' is not allowed to be empty!
[22:16:34] [WARN] KubeRecipe.java#89: Failed to parse recipe 'create_things_and_misc:jaboticaba_sail_craft[minecraft:crafting_shaped]'! Falling back to vanilla: Failed to read required component 'key: pattern<optional_ingredient>' - java.lang.IllegalStateException: Failed to parse either. First: Not a json array: {"item":"nethers_exoticism:jaboticaba_planks"}; Second: No key tag in MapLike[{"item":"nethers_exoticism:jaboticaba_planks"}]; Unknown registry key in ResourceKey[minecraft:root / minecraft:item]: nethers_exoticism:jaboticaba_planks missed input: {"W":{"item":"nethers_exoticism:jaboticaba_planks"}}
[22:16:34] [WARN] KubeRecipe.java#89: Failed to parse recipe 'deeperdarker:resonarium_chestplate_smithing[minecraft:smithing_transform]'! Falling back to vanilla: Failed to read required component 'template: ingredient' - java.lang.IllegalStateException: Failed to parse either. First: Item array cannot be empty, at least one item must be defined; Second: Not a JSON object: []
[22:16:34] [WARN] KubeRecipe.java#89: Failed to parse recipe 'deeperdarker:resonarium_shovel_smithing[minecraft:smithing_transform]'! Falling back to vanilla: Failed to read required component 'template: ingredient' - java.lang.IllegalStateException: Failed to parse either. First: Item array cannot be empty, at least one item must be defined; Second: Not a JSON object: []
[22:16:34] [WARN] KubeRecipe.java#89: Failed to parse recipe 'deeperdarker:resonarium_axe_smithing[minecraft:smithing_transform]'! Falling back to vanilla: Failed to read required component 'template: ingredient' - java.lang.IllegalStateException: Failed to parse either. First: Item array cannot be empty, at least one item must be defined; Second: Not a JSON object: []
[22:16:34] [WARN] KubeRecipe.java#89: Failed to parse recipe 'create_things_and_misc:copper_scaffolding_craft[minecraft:crafting_shaped]'! Falling back to vanilla: Failed to read required component 'result: item_stack' - java.lang.IllegalStateException: Unknown registry key in ResourceKey[minecraft:root / minecraft:item]: create_things_and_misc:deleted_mod_element
[22:16:34] [WARN] RecipeComponentValue.java#102: Failed to parse recipe 'hazennstuff:smithing/cosmetic/armor/pure_armor/dark_ritual_templar/dark_ritual_templar_chestplate[minecraft:smithing_transform]'! Falling back to vanilla: Invalid component base: ingredient - Component 'ingredient' is not allowed to be empty!
[22:16:34] [WARN] KubeRecipe.java#89: Failed to parse recipe 'deeperdarker:resonarium_boots_smithing[minecraft:smithing_transform]'! Falling back to vanilla: Failed to read required component 'template: ingredient' - java.lang.IllegalStateException: Failed to parse either. First: Item array cannot be empty, at least one item must be defined; Second: Not a JSON object: []
[22:16:34] [WARN] RecipeComponentValue.java#102: Failed to parse recipe 'hazennstuff:smithing/cosmetic/armor/pure_armor/fireblossom/fireblossom_helmet[minecraft:smithing_transform]'! Falling back to vanilla: Invalid component base: ingredient - Component 'ingredient' is not allowed to be empty!
[22:16:34] [WARN] RecipeComponentValue.java#102: Failed to parse recipe 'hazennstuff:smithing/cosmetic/armor/pure_armor/fireblossom/fireblossom_boots[minecraft:smithing_transform]'! Falling back to vanilla: Invalid component base: ingredient - Component 'ingredient' is not allowed to be empty!
[22:16:34] [INFO] Found 20,807 recipes (skipped 1,826) in 965.1 ms
[22:16:35] [INFO] Posted recipe events in 307 ms
[22:16:35] [INFO] KubeJS modifications to recipe manager finished in 48.98 ms
[22:16:36] [INFO] Added 167 recipes, removed 173 recipes, modified 16 recipes, with 0 failed recipes taking 2.676 s in total
[22:16:42] [INFO] Server resource reload complete!
